<?xml version="1.0" encoding="UTF-8"?>
<!-- Generated by org.testng.reporters.JUnitReportReporter -->
<testsuite hostname="DESKTOP-JLT7FUG" failures="0" tests="12" name="Lab3Test" time="0.020" errors="0" timestamp="2021-10-15T13:55:36 IST" skipped="0">
  <testcase classname="Lab3Test" name="testNotPrime" time="0.000"/>
  <system-out/>
  <testcase classname="Lab3Test" name="testDifference" time="0.002"/>
  <system-out/>
  <testcase classname="Lab3Test" name="testDifference" time="0.000"/>
  <system-out/>
  <testcase classname="Lab3Test" name="testNotPrime" time="0.001"/>
  <system-out/>
  <testcase classname="Lab3Test" name="testPrime" time="0.001"/>
  <system-out/>
  <testcase classname="Lab3Test" name="testNotPrime" time="0.001"/>
  <system-out/>
  <testcase classname="Lab3Test" name="testPrime" time="0.001"/>
  <system-out/>
  <testcase classname="Lab3Test" name="testDifference" time="0.004"/>
  <system-out/>
  <testcase classname="Lab3Test" name="testPrime" time="0.002"/>
  <system-out/>
  <testcase classname="Lab3Test" name="testDifference" time="0.006"/>
  <system-out/>
  <testcase classname="Lab3Test" name="testPrime" time="0.001"/>
  <system-out/>
  <testcase classname="Lab3Test" name="testNotPrime" time="0.001"/>
  <system-out/>
</testsuite> <!-- Lab3Test -->
