<?xml version="1.0" encoding="UTF-8"?>
<!-- Generated by org.testng.reporters.JUnitReportReporter -->
<testsuite hostname="DESKTOP-JLT7FUG" failures="0" tests="8" name="Lab3Test" time="0.011" errors="0" timestamp="2021-10-14T09:52:01 IST" skipped="0">
  <testcase classname="Lab3Test" name="testNotPrime" time="0.005"/>
  <system-out/>
  <testcase classname="Lab3Test" name="testPrime" time="0.003"/>
  <system-out/>
  <testcase classname="Lab3Test" name="testPrime" time="0.000"/>
  <system-out/>
  <testcase classname="Lab3Test" name="testNotPrime" time="0.001"/>
  <system-out/>
  <testcase classname="Lab3Test" name="testPrime" time="0.000"/>
  <system-out/>
  <testcase classname="Lab3Test" name="testNotPrime" time="0.001"/>
  <system-out/>
  <testcase classname="Lab3Test" name="testPrime" time="0.001"/>
  <system-out/>
  <testcase classname="Lab3Test" name="testNotPrime" time="0.000"/>
  <system-out/>
</testsuite> <!-- Lab3Test -->
